<?xml version="1.0" encoding="UTF-8"?>
<!-- Generated by org.testng.reporters.JUnitReportReporter -->
<testsuite hostname="DESKTOP-KSA3B0J" failures="0" tests="1" name="vivifyTests.Logout" time="4.297" errors="0" timestamp="2021-02-27T16:13:45 CET" skipped="0">
  <testcase classname="vivifyTests.Logout" name="logout" time="4.297"/>
  <system-out/>
</testsuite> <!-- vivifyTests.Logout -->
