<?xml version="1.0" encoding="UTF-8"?>
<!-- Generated by org.testng.reporters.JUnitReportReporter -->
<testsuite hostname="DESKTOP-KSA3B0J" failures="0" tests="1" name="vivifyTests.CreateGallery" time="4.641" errors="0" timestamp="2021-02-28T09:59:13 CET" skipped="0">
  <testcase classname="vivifyTests.CreateGallery" name="createGallery" time="4.641"/>
  <system-out/>
</testsuite> <!-- vivifyTests.CreateGallery -->
