<?xml version="1.0" encoding="UTF-8"?>
<!-- Generated by org.testng.reporters.JUnitReportReporter -->
<testsuite hostname="DESKTOP-KSA3B0J" failures="0" tests="1" name="vivifyTests.FindMyGallery" time="4.316" errors="0" timestamp="2021-02-27T16:13:22 CET" skipped="0">
  <testcase classname="vivifyTests.FindMyGallery" name="findMyGallery" time="4.316"/>
  <system-out/>
</testsuite> <!-- vivifyTests.FindMyGallery -->
