<?xml version="1.0" encoding="UTF-8"?>
<!-- Generated by org.testng.reporters.JUnitReportReporter -->
<testsuite hostname="DESKTOP-KSA3B0J" failures="0" tests="1" name="vivifyTests.LogIn" time="3.866" errors="0" timestamp="2021-02-27T14:01:10 CET" skipped="0">
  <testcase classname="vivifyTests.LogIn" name="logInValidCredentials" time="3.866"/>
  <system-out/>
</testsuite> <!-- vivifyTests.LogIn -->
