<?xml version="1.0" encoding="UTF-8"?>
<!-- Generated by org.testng.reporters.JUnitReportReporter -->
<testsuite hostname="DESKTOP-KSA3B0J" failures="0" tests="1" name="vivifyTests.LogIn" time="1.050" errors="0" timestamp="2021-02-27T14:35:40 CET" skipped="0">
  <testcase classname="vivifyTests.LogIn" name="logInValidCredentials" time="1.050"/>
  <system-out/>
</testsuite> <!-- vivifyTests.LogIn -->
