<?xml version="1.0" encoding="UTF-8"?>
<!-- Generated by org.testng.reporters.JUnitReportReporter -->
<testsuite hostname="DESKTOP-KSA3B0J" failures="0" tests="1" name="vivifyTests.Login" time="4.066" errors="0" timestamp="2021-02-28T09:55:30 CET" skipped="0">
  <testcase classname="vivifyTests.Login" name="logInValidCredentials" time="4.066"/>
  <system-out/>
</testsuite> <!-- vivifyTests.Login -->
