<?xml version="1.0" encoding="UTF-8"?>
<!-- Generated by org.testng.reporters.JUnitReportReporter -->
<testsuite hostname="DESKTOP-KSA3B0J" failures="0" tests="1" name="vivifyTests.Logout" time="4.169" errors="0" timestamp="2021-02-28T09:58:38 CET" skipped="0">
  <testcase classname="vivifyTests.Logout" name="logout" time="4.169"/>
  <system-out/>
</testsuite> <!-- vivifyTests.Logout -->
